Added Component: Designator=heart(MAX30100 maxim)
Added Component: Designator=P?(HDR1X6)
Added Component: Designator=R1(0805)
Added Component: Designator=Stretch Sensor(Stretch Sensor)
Added Component: Designator=U?(Z03A)
Added Pin To Net: NetName=GND Pin=heart-2
Added Pin To Net: NetName=GND Pin=heart-2
Added Pin To Net: NetName=VCC Pin=heart-3
Added Pin To Net: NetName=SDA Pin=heart-4
Added Pin To Net: NetName=SCL Pin=heart-5
Added Pin To Net: NetName=VCC Pin=P?-1
Added Pin To Net: NetName=SCL Pin=P?-2
Added Pin To Net: NetName=SDA Pin=P?-3
Added Pin To Net: NetName=A1 Pin=P?-4
Added Pin To Net: NetName=A3 Pin=P?-5
Added Pin To Net: NetName=GND Pin=P?-6
Added Pin To Net: NetName=GND Pin=R1-1
Added Pin To Net: NetName=A3 Pin=R1-2
Added Pin To Net: NetName=A3 Pin=Stretch Sensor-1
Added Pin To Net: NetName=VCC Pin=Stretch Sensor-2
Added Pin To Net: NetName=VCC Pin=U?-1
Added Pin To Net: NetName=A1 Pin=U?-2
Added Pin To Net: NetName=GND Pin=U?-3
Added Member To Class: ClassName=Projet M1S1 ceinture Member=Component heart MAX3010x
Added Member To Class: ClassName=Projet M1S1 ceinture Member=Component P? Header 6
Added Member To Class: ClassName=Projet M1S1 ceinture Member=Component R1 RES
Added Member To Class: ClassName=Projet M1S1 ceinture Member=Component Stretch Sensor
Added Member To Class: ClassName=Projet M1S1 ceinture Member=Component U? LM35
Added Room: Name=Projet M1S1 ceinture
