Added Component: Designator=*(MAX30101EFD+)
Added Component: Designator=P?(HDR1X6)
Added Component: Designator=R1(AXIAL0.5)
Added Component: Designator=Stretch Sensor(Stretch Sensor)
Added Component: Designator=U?(Z03A)
Added Pin To Net: NetName=A1 Pin=P?-4
Added Pin To Net: NetName=A1 Pin=U?-2
Added Net: Name=A1
Added Pin To Net: NetName=A3 Pin=P?-5
Added Pin To Net: NetName=A3 Pin=R1-2
Added Pin To Net: NetName=A3 Pin=Stretch Sensor-1
Added Net: Name=A3
Added Pin To Net: NetName=GND Pin=*-2
Added Pin To Net: NetName=GND Pin=P?-6
Added Pin To Net: NetName=GND Pin=R1-1
Added Pin To Net: NetName=GND Pin=U?-3
Added Net: Name=GND
Added Pin To Net: NetName=SCL Pin=*-5
Added Pin To Net: NetName=SCL Pin=P?-2
Added Net: Name=SCL
Added Pin To Net: NetName=SDA Pin=*-4
Added Pin To Net: NetName=SDA Pin=P?-3
Added Net: Name=SDA
Added Pin To Net: NetName=VCC Pin=*-3
Added Pin To Net: NetName=VCC Pin=P?-1
Added Pin To Net: NetName=VCC Pin=Stretch Sensor-2
Added Pin To Net: NetName=VCC Pin=U?-1
Added Net: Name=VCC
Added Class: Name=Projet M1S1 ceinture
Added Room: Name=Projet M1S1 ceinture
